<?xml version="1.0" encoding="UTF-8"?>
<!-- Generated by org.testng.reporters.JUnitReportReporter -->
<testsuite hostname="DESKTOP-R1JF8S2" failures="0" tests="1" name="product.CreateProductTest" time="21.650" errors="0" timestamp="2025-03-08T14:09:37 IST" skipped="0">
  <testcase classname="product.CreateProductTest" name="CreateProductTest" time="21.650"/>
</testsuite> <!-- product.CreateProductTest -->
