<?xml version="1.0" encoding="UTF-8"?>
<!-- Generated by org.testng.reporters.JUnitReportReporter -->
<testsuite hostname="DESKTOP-R1JF8S2" failures="0" tests="2" name="campaigns.CreateCampaignsTest" time="31.519" errors="0" timestamp="2025-03-08T14:19:05 IST" skipped="0">
  <testcase classname="campaigns.CreateCampaignsTest" name="m2" time="10.102"/>
  <testcase classname="campaigns.CreateCampaignsTest" name="createCampaignsTest" time="21.417"/>
</testsuite> <!-- campaigns.CreateCampaignsTest -->
