<?xml version="1.0" encoding="UTF-8"?>
<!-- Generated by org.testng.reporters.JUnitReportReporter -->
<testsuite hostname="DESKTOP-R1JF8S2" failures="0" tests="1" name="organization.CreateOrganizationTest" time="36.008" errors="0" timestamp="2025-03-08T14:11:10 IST" skipped="0">
  <testcase classname="organization.CreateOrganizationTest" name="CreateOrganizationTest" time="36.008"/>
</testsuite> <!-- organization.CreateOrganizationTest -->
